{"level":"info","message":"Email login: sdezerio@gmail.com"}
{"level":"info","message":"Email login: sdezerio@gmail.com"}
{"level":"info","message":"Email login: sdezerio@gmail.com"}
{"level":"info","message":"Email login: sdezerio@gmail.com","timestamp":"2022-05-16 22:59:41"}
{"level":"info","message":"Email login: undefined","timestamp":"2022-05-18 15:47:39"}
{"level":"info","message":"Email login: asfsaf","timestamp":"2022-05-18 15:48:24"}
{"level":"info","message":"Email login: asf","timestamp":"2022-05-18 15:50:50"}
{"level":"info","message":"Email login: asf","timestamp":"2022-05-18 15:51:01"}
{"level":"info","message":"Email login: saf","timestamp":"2022-05-18 15:51:08"}
{"level":"info","message":"Email login: saf","timestamp":"2022-05-18 15:54:00"}
{"level":"info","message":"Email login: safasf","timestamp":"2022-05-18 15:54:15"}
{"level":"info","message":"Email login: saf","timestamp":"2022-05-18 15:55:26"}
{"level":"info","message":"Email login: sdezerio@gmail.com","timestamp":"2022-05-18 15:57:38"}
{"level":"info","message":"Email login: sdezerio@gmail.com","timestamp":"2022-05-18 15:58:03"}
{"level":"info","message":"Email login: sdezerio@gmail.com","timestamp":"2022-05-18 15:58:21"}
{"level":"info","message":"Email login: sdezerio@gmail.com","timestamp":"2022-05-18 15:59:01"}
{"level":"info","message":"Email login: asf","timestamp":"2022-05-18 15:59:28"}
{"level":"info","message":"Email login: sdezerio@gmail.com","timestamp":"2022-05-18 15:59:37"}
{"level":"info","message":"Email login: asf","timestamp":"2022-05-18 16:01:01"}
{"level":"info","message":"Email login: sdezerio@gmail.com","timestamp":"2022-05-18 16:01:07"}
{"level":"info","message":"Email login: sdezerio@gmail.com","timestamp":"2022-05-18 16:01:26"}
{"level":"info","message":"Email login: sdezerio@gmail.com","timestamp":"2022-05-18 16:27:57"}
{"level":"info","message":"Email login: sdezerio@gmail.com","timestamp":"2022-05-18 16:31:43"}
{"level":"info","message":"Email login: sdezerio@gmail.com","timestamp":"2022-05-18 16:31:45"}
{"level":"info","message":"Email login: sdezerio@gmail.com","timestamp":"2022-05-18 16:44:04"}
{"level":"info","message":"Email login: sdezerio@gmail.com","timestamp":"2022-05-18 16:44:07"}
{"level":"info","message":"Email login: sdezerio@gmail.com","timestamp":"2022-05-18 16:44:38"}
{"level":"info","message":"Email login: sdezerio@gmail.com","timestamp":"2022-05-18 16:44:42"}
{"level":"info","message":"Email login: sdezerio@gmail.com","timestamp":"2022-05-18 17:37:01"}
{"level":"info","message":"Email login: sdezerio@gmail.com","timestamp":"2022-05-18 17:37:02"}
{"level":"info","message":"Email login: sdezerio@gmail.com","timestamp":"2022-05-18 17:37:25"}
{"level":"info","message":"Email login: sdezerio@gmail.com","timestamp":"2022-05-18 17:41:59"}
{"level":"info","message":"Email login: sdezerio@gmail.com","timestamp":"2022-05-18 17:42:23"}
{"level":"info","message":"Trying to create user: {\"first_name\":\"ss\",\"last_name\":\"dd\",\"email\":\"ssdd@gmail.com\",\"password\":\"12345\"}","timestamp":"2022-05-18 18:26:28"}
{"level":"info","message":"Trying to create user: {\"first_name\":\"ss\",\"last_name\":\"dd\",\"email\":\"ssdd@gmail.com\",\"password\":\"12345\"}","timestamp":"2022-05-18 18:27:43"}
{"level":"info","message":"Trying to create user: {\"first_name\":\"ss\",\"last_name\":\"dd\",\"email\":\"ssdd@gmail.com\",\"password\":\"12345\"}","timestamp":"2022-05-18 18:28:11"}
{"level":"info","message":"Trying to create user: {\"first_name\":\"ss\",\"last_name\":\"dd\",\"email\":\"ssdd@gmail.com\",\"password\":\"12345\"}","timestamp":"2022-05-18 18:28:50"}
{"level":"info","message":"Trying to create user: {\"first_name\":\"aaa\",\"last_name\":\"aa\",\"email\":\"aa@gmail.com\",\"password\":\"123123\"}","timestamp":"2022-05-18 18:29:04"}
{"level":"info","message":"Trying to create user: {\"first_name\":\"asdasd\",\"last_name\":\"asdbce\",\"email\":\"aa@gmail.com\",\"password\":\"12345\"}","timestamp":"2022-05-18 18:29:52"}
{"level":"info","message":"Email login: aa@gmail.com","timestamp":"2022-05-18 18:30:05"}
{"level":"info","message":"Trying to create user: {\"first_name\":\"Natalia\",\"last_name\":\"Garcia\",\"email\":\"natalia@gmail.com\",\"password\":\"123456\"}","timestamp":"2022-05-18 18:33:21"}
{"level":"info","message":"Email login: natalia@gmail.com","timestamp":"2022-05-18 18:33:36"}
{"level":"info","message":"Email login: natalia@gmail.com","timestamp":"2022-05-18 18:33:44"}
{"level":"info","message":"Validating Token","timestamp":"2022-05-18 18:52:23"}
{"level":"info","message":"Validating Token","timestamp":"2022-05-18 18:52:23"}
{"level":"info","message":"Validating Token","timestamp":"2022-05-18 18:52:36"}
{"level":"info","message":"Validating Token","timestamp":"2022-05-18 18:52:36"}
{"level":"info","message":"Validating Token","timestamp":"2022-05-18 18:52:38"}
{"level":"info","message":"Validating Token","timestamp":"2022-05-18 18:52:38"}
{"level":"info","message":"Validating Token","timestamp":"2022-05-18 19:23:47"}
{"level":"info","message":"Trying to login: sdezerio@gmail.com","timestamp":"2022-05-18 19:35:50"}
{"level":"info","message":"Find user service by param: {\"email\":\"sdezerio@gmail.com\"}","timestamp":"2022-05-18 19:35:50"}
{"level":"info","message":"Validating Token","timestamp":"2022-05-18 19:36:18"}
{"level":"info","message":"Trying to login: sdezerio@gmail.com","timestamp":"2022-05-18 19:37:39"}
{"level":"info","message":"Find user service by param: {\"email\":\"sdezerio@gmail.com\"}","timestamp":"2022-05-18 19:37:39"}
{"level":"info","message":"Validating Token","timestamp":"2022-05-18 19:38:08"}
{"level":"info","message":"Trying to get user by id: 6282ed3d84fff291014fe604","timestamp":"2022-05-18 19:38:08"}
{"level":"info","message":"Find user service by: 6282ed3d84fff291014fe604","timestamp":"2022-05-18 19:38:08"}
{"level":"info","message":"Validating Token","timestamp":"2022-05-18 19:39:03"}
{"level":"info","message":"Trying to login: sdezerio@gmail.com","timestamp":"2022-05-18 19:39:44"}
{"level":"info","message":"Find user service by param: {\"email\":\"sdezerio@gmail.com\"}","timestamp":"2022-05-18 19:39:44"}
{"level":"info","message":"Validating Token","timestamp":"2022-05-18 19:40:09"}
{"level":"info","message":"Trying to get user by id: 62856550d5a2eb7ea0a920ad","timestamp":"2022-05-18 19:40:09"}
{"level":"info","message":"Find user service by: 62856550d5a2eb7ea0a920ad","timestamp":"2022-05-18 19:40:09"}
{"level":"info","message":"Validating Token","timestamp":"2022-05-18 19:40:35"}
{"level":"info","message":"Trying to update user.","timestamp":"2022-05-18 19:40:35"}
{"level":"info","message":"Update user service","timestamp":"2022-05-18 19:40:35"}
{"level":"info","message":"Find user service by: 62856550d5a2eb7ea0a920ad","timestamp":"2022-05-18 19:40:35"}
{"level":"info","message":"Validating Token","timestamp":"2022-05-18 19:40:42"}
{"level":"info","message":"Trying to update user.","timestamp":"2022-05-18 19:40:42"}
{"level":"info","message":"Update user service","timestamp":"2022-05-18 19:40:42"}
{"level":"info","message":"Find user service by: 62856550d5a2eb7ea0a920ad","timestamp":"2022-05-18 19:40:42"}
{"level":"info","message":"Validating Token","timestamp":"2022-05-18 19:41:27"}
{"level":"info","message":"Trying to update user.","timestamp":"2022-05-18 19:41:27"}
{"level":"info","message":"Update user service","timestamp":"2022-05-18 19:41:27"}
{"level":"info","message":"Find user service by: 62856550d5a2eb7ea0a920ad","timestamp":"2022-05-18 19:41:27"}
{"level":"info","message":"Validating Token","timestamp":"2022-05-18 19:41:46"}
{"level":"info","message":"Trying to get user by id: 62856550d5a2eb7ea0a920ad","timestamp":"2022-05-18 19:41:46"}
{"level":"info","message":"Find user service by: 62856550d5a2eb7ea0a920ad","timestamp":"2022-05-18 19:41:47"}
{"level":"info","message":"Validating Token","timestamp":"2022-05-18 19:42:05"}
{"level":"info","message":"Trying to delete user.","timestamp":"2022-05-18 19:42:05"}
{"level":"info","message":"Delete user service","timestamp":"2022-05-18 19:42:05"}
{"level":"info","message":"Validating Token","timestamp":"2022-05-18 19:43:35"}
{"level":"info","message":"Trying to delete user.","timestamp":"2022-05-18 19:43:35"}
{"level":"info","message":"Delete user service","timestamp":"2022-05-18 19:43:35"}
{"level":"info","message":"Trying to login: sdezerio@gmail.com","timestamp":"2022-05-18 19:44:29"}
{"level":"info","message":"Find user service by param: {\"email\":\"sdezerio@gmail.com\"}","timestamp":"2022-05-18 19:44:29"}
{"level":"info","message":"Validating Token","timestamp":"2022-05-18 19:44:58"}
{"level":"info","message":"Trying to delete user.","timestamp":"2022-05-18 19:44:58"}
{"level":"info","message":"Delete user service","timestamp":"2022-05-18 19:44:58"}
{"level":"info","message":"Trying to login: sdezerio@gmail.com","timestamp":"2022-05-18 19:50:02"}
{"level":"info","message":"Find user service by param: {\"email\":\"sdezerio@gmail.com\"}","timestamp":"2022-05-18 19:50:02"}
{"level":"info","message":"Validating Token","timestamp":"2022-05-18 19:50:28"}
{"level":"info","message":"Trying to delete user.","timestamp":"2022-05-18 19:50:28"}
{"level":"info","message":"Delete user service","timestamp":"2022-05-18 19:50:28"}
{"level":"info","message":"Trying to login: sdezerio@gmail.com","timestamp":"2022-05-18 19:51:20"}
{"level":"info","message":"Find user service by param: {\"email\":\"sdezerio@gmail.com\"}","timestamp":"2022-05-18 19:51:20"}
{"level":"info","message":"Validating Token","timestamp":"2022-05-18 19:51:44"}
{"level":"info","message":"Validating Token","timestamp":"2022-05-18 19:52:04"}
{"level":"info","message":"Trying to delete user.","timestamp":"2022-05-18 19:52:04"}
{"level":"info","message":"Delete user service","timestamp":"2022-05-18 19:52:04"}
